<?xml version="1.0" encoding="UTF-8"?>
<testng-results ignored="0" total="1" passed="1" failed="0" skipped="0">
  <reporter-output>
  </reporter-output>
  <suite started-at="2022-04-03T23:07:31 WAT" name="Default suite" finished-at="2022-04-03T23:08:03 WAT" duration-ms="32150">
    <groups>
    </groups>
    <test started-at="2022-04-03T23:07:31 WAT" name="Default test" finished-at="2022-04-03T23:08:03 WAT" duration-ms="32150">
      <class name="andela.Amazon">
        <test-method signature="verifyAmazonSamsungFlow()[pri:0, instance:andela.Amazon@6e521c1e]" started-at="2022-04-03T23:07:31 WAT" name="verifyAmazonSamsungFlow" finished-at="2022-04-03T23:08:03 WAT" duration-ms="32026" status="PASS">
          <reporter-output>
          </reporter-output>
        </test-method> <!-- verifyAmazonSamsungFlow -->
        <test-method is-config="true" signature="afterTest()[pri:0, instance:andela.Amazon@6e521c1e]" started-at="2022-04-03T23:08:03 WAT" name="afterTest" finished-at="2022-04-03T23:08:03 WAT" duration-ms="9" status="PASS">
          <reporter-output>
          </reporter-output>
        </test-method> <!-- afterTest -->
      </class> <!-- andela.Amazon -->
    </test> <!-- Default test -->
  </suite> <!-- Default suite -->
</testng-results>
